{"C:\\Users\\juang\\VeciRed\\backend\\src\\db.js": {"path":"C:\\Users\\juang\\VeciRed\\backend\\src\\db.js","statementMap":{"0":{"start":{"line":1,"column":17},"end":{"line":1,"column":30}},"1":{"start":{"line":3,"column":13},"end":{"line":9,"column":2}},"2":{"start":{"line":11,"column":0},"end":{"line":11,"column":22}}},"fnMap":{},"branchMap":{"0":{"loc":{"start":{"line":4,"column":8},"end":{"line":4,"column":42}},"type":"binary-expr","locations":[{"start":{"line":4,"column":8},"end":{"line":4,"column":27}},{"start":{"line":4,"column":31},"end":{"line":4,"column":42}}],"line":4},"1":{"loc":{"start":{"line":5,"column":8},"end":{"line":5,"column":35}},"type":"binary-expr","locations":[{"start":{"line":5,"column":8},"end":{"line":5,"column":27}},{"start":{"line":5,"column":31},"end":{"line":5,"column":35}}],"line":5},"2":{"loc":{"start":{"line":6,"column":12},"end":{"line":6,"column":44}},"type":"binary-expr","locations":[{"start":{"line":6,"column":12},"end":{"line":6,"column":31}},{"start":{"line":6,"column":35},"end":{"line":6,"column":44}}],"line":6},"3":{"loc":{"start":{"line":7,"column":8},"end":{"line":7,"column":41}},"type":"binary-expr","locations":[{"start":{"line":7,"column":8},"end":{"line":7,"column":27}},{"start":{"line":7,"column":31},"end":{"line":7,"column":41}}],"line":7},"4":{"loc":{"start":{"line":8,"column":12},"end":{"line":8,"column":49}},"type":"binary-expr","locations":[{"start":{"line":8,"column":12},"end":{"line":8,"column":35}},{"start":{"line":8,"column":39},"end":{"line":8,"column":49}}],"line":8}},"s":{"0":3,"1":3,"2":3},"f":{},"b":{"0":[3,3],"1":[3,3],"2":[3,3],"3":[3,3],"4":[3,3]},"_coverageSchema":"1a1c01bbd47fc00a2c39e90264f33305004495a9","hash":"c4eab0523496f6bfe1b091ab016ed1bd37f33ea6"}
,"C:\\Users\\juang\\VeciRed\\backend\\src\\controllers\\admin.controller.js": {"path":"C:\\Users\\juang\\VeciRed\\backend\\src\\controllers\\admin.controller.js","statementMap":{"0":{"start":{"line":1,"column":26},"end":{"line":1,"column":65}},"1":{"start":{"line":2,"column":23},"end":{"line":2,"column":59}},"2":{"start":{"line":3,"column":21},"end":{"line":3,"column":55}},"3":{"start":{"line":5,"column":20},"end":{"line":12,"column":1}},"4":{"start":{"line":6,"column":2},"end":{"line":11,"column":3}},"5":{"start":{"line":7,"column":21},"end":{"line":7,"column":48}},"6":{"start":{"line":8,"column":4},"end":{"line":8,"column":23}},"7":{"start":{"line":10,"column":4},"end":{"line":10,"column":47}},"8":{"start":{"line":14,"column":25},"end":{"line":21,"column":1}},"9":{"start":{"line":15,"column":2},"end":{"line":20,"column":3}},"10":{"start":{"line":16,"column":20},"end":{"line":16,"column":70}},"11":{"start":{"line":17,"column":4},"end":{"line":17,"column":22}},"12":{"start":{"line":19,"column":4},"end":{"line":19,"column":47}},"13":{"start":{"line":23,"column":26},"end":{"line":30,"column":1}},"14":{"start":{"line":24,"column":2},"end":{"line":29,"column":3}},"15":{"start":{"line":25,"column":17},"end":{"line":25,"column":49}},"16":{"start":{"line":26,"column":4},"end":{"line":26,"column":19}},"17":{"start":{"line":28,"column":4},"end":{"line":28,"column":47}},"18":{"start":{"line":32,"column":28},"end":{"line":39,"column":1}},"19":{"start":{"line":33,"column":2},"end":{"line":38,"column":3}},"20":{"start":{"line":34,"column":16},"end":{"line":34,"column":68}},"21":{"start":{"line":35,"column":4},"end":{"line":35,"column":18}},"22":{"start":{"line":37,"column":4},"end":{"line":37,"column":47}},"23":{"start":{"line":41,"column":22},"end":{"line":48,"column":1}},"24":{"start":{"line":42,"column":2},"end":{"line":47,"column":3}},"25":{"start":{"line":43,"column":17},"end":{"line":43,"column":46}},"26":{"start":{"line":44,"column":4},"end":{"line":44,"column":19}},"27":{"start":{"line":46,"column":4},"end":{"line":46,"column":47}},"28":{"start":{"line":50,"column":23},"end":{"line":57,"column":1}},"29":{"start":{"line":51,"column":2},"end":{"line":56,"column":3}},"30":{"start":{"line":52,"column":16},"end":{"line":52,"column":59}},"31":{"start":{"line":53,"column":4},"end":{"line":53,"column":30}},"32":{"start":{"line":55,"column":4},"end":{"line":55,"column":47}},"33":{"start":{"line":59,"column":26},"end":{"line":66,"column":1}},"34":{"start":{"line":60,"column":2},"end":{"line":65,"column":3}},"35":{"start":{"line":61,"column":4},"end":{"line":61,"column":49}},"36":{"start":{"line":62,"column":4},"end":{"line":62,"column":49}},"37":{"start":{"line":64,"column":4},"end":{"line":64,"column":47}},"38":{"start":{"line":68,"column":0},"end":{"line":72,"column":2}}},"fnMap":{"0":{"name":"(anonymous_0)","decl":{"start":{"line":5,"column":20},"end":{"line":5,"column":21}},"loc":{"start":{"line":5,"column":40},"end":{"line":12,"column":1}},"line":5},"1":{"name":"(anonymous_1)","decl":{"start":{"line":14,"column":25},"end":{"line":14,"column":26}},"loc":{"start":{"line":14,"column":45},"end":{"line":21,"column":1}},"line":14},"2":{"name":"(anonymous_2)","decl":{"start":{"line":23,"column":26},"end":{"line":23,"column":27}},"loc":{"start":{"line":23,"column":46},"end":{"line":30,"column":1}},"line":23},"3":{"name":"(anonymous_3)","decl":{"start":{"line":32,"column":28},"end":{"line":32,"column":29}},"loc":{"start":{"line":32,"column":48},"end":{"line":39,"column":1}},"line":32},"4":{"name":"(anonymous_4)","decl":{"start":{"line":41,"column":22},"end":{"line":41,"column":23}},"loc":{"start":{"line":41,"column":42},"end":{"line":48,"column":1}},"line":41},"5":{"name":"(anonymous_5)","decl":{"start":{"line":50,"column":23},"end":{"line":50,"column":24}},"loc":{"start":{"line":50,"column":43},"end":{"line":57,"column":1}},"line":50},"6":{"name":"(anonymous_6)","decl":{"start":{"line":59,"column":26},"end":{"line":59,"column":27}},"loc":{"start":{"line":59,"column":46},"end":{"line":66,"column":1}},"line":59}},"branchMap":{},"s":{"0":1,"1":1,"2":1,"3":1,"4":2,"5":2,"6":1,"7":1,"8":1,"9":1,"10":1,"11":1,"12":0,"13":1,"14":1,"15":1,"16":1,"17":0,"18":1,"19":1,"20":1,"21":1,"22":0,"23":1,"24":1,"25":1,"26":1,"27":0,"28":1,"29":1,"30":1,"31":1,"32":0,"33":1,"34":1,"35":1,"36":1,"37":0,"38":1},"f":{"0":2,"1":1,"2":1,"3":1,"4":1,"5":1,"6":1},"b":{},"_coverageSchema":"1a1c01bbd47fc00a2c39e90264f33305004495a9","hash":"2b97c3b3dd2586201c08d9a6293e454084380afa"}
,"C:\\Users\\juang\\VeciRed\\backend\\src\\controllers\\auth.controller.js": {"path":"C:\\Users\\juang\\VeciRed\\backend\\src\\controllers\\auth.controller.js","statementMap":{"0":{"start":{"line":1,"column":15},"end":{"line":1,"column":34}},"1":{"start":{"line":2,"column":12},"end":{"line":2,"column":35}},"2":{"start":{"line":3,"column":21},"end":{"line":3,"column":55}},"3":{"start":{"line":5,"column":17},"end":{"line":19,"column":1}},"4":{"start":{"line":6,"column":2},"end":{"line":18,"column":3}},"5":{"start":{"line":7,"column":48},"end":{"line":7,"column":56}},"6":{"start":{"line":8,"column":22},"end":{"line":8,"column":61}},"7":{"start":{"line":9,"column":4},"end":{"line":11,"column":5}},"8":{"start":{"line":10,"column":6},"end":{"line":10,"column":77}},"9":{"start":{"line":12,"column":17},"end":{"line":12,"column":50}},"10":{"start":{"line":13,"column":20},"end":{"line":13,"column":71}},"11":{"start":{"line":14,"column":4},"end":{"line":14,"column":65}},"12":{"start":{"line":16,"column":4},"end":{"line":16,"column":52}},"13":{"start":{"line":17,"column":4},"end":{"line":17,"column":60}},"14":{"start":{"line":21,"column":14},"end":{"line":43,"column":1}},"15":{"start":{"line":22,"column":2},"end":{"line":42,"column":3}},"16":{"start":{"line":23,"column":35},"end":{"line":23,"column":43}},"17":{"start":{"line":24,"column":20},"end":{"line":24,"column":59}},"18":{"start":{"line":25,"column":4},"end":{"line":25,"column":83}},"19":{"start":{"line":25,"column":18},"end":{"line":25,"column":83}},"20":{"start":{"line":27,"column":19},"end":{"line":27,"column":76}},"21":{"start":{"line":28,"column":4},"end":{"line":28,"column":82}},"22":{"start":{"line":28,"column":17},"end":{"line":28,"column":82}},"23":{"start":{"line":30,"column":18},"end":{"line":34,"column":5}},"24":{"start":{"line":35,"column":4},"end":{"line":38,"column":7}},"25":{"start":{"line":40,"column":4},"end":{"line":40,"column":49}},"26":{"start":{"line":41,"column":4},"end":{"line":41,"column":60}},"27":{"start":{"line":45,"column":0},"end":{"line":45,"column":37}}},"fnMap":{"0":{"name":"(anonymous_0)","decl":{"start":{"line":5,"column":17},"end":{"line":5,"column":18}},"loc":{"start":{"line":5,"column":37},"end":{"line":19,"column":1}},"line":5},"1":{"name":"(anonymous_1)","decl":{"start":{"line":21,"column":14},"end":{"line":21,"column":15}},"loc":{"start":{"line":21,"column":34},"end":{"line":43,"column":1}},"line":21}},"branchMap":{"0":{"loc":{"start":{"line":9,"column":4},"end":{"line":11,"column":5}},"type":"if","locations":[{"start":{"line":9,"column":4},"end":{"line":11,"column":5}},{"start":{},"end":{}}],"line":9},"1":{"loc":{"start":{"line":25,"column":4},"end":{"line":25,"column":83}},"type":"if","locations":[{"start":{"line":25,"column":4},"end":{"line":25,"column":83}},{"start":{},"end":{}}],"line":25},"2":{"loc":{"start":{"line":28,"column":4},"end":{"line":28,"column":82}},"type":"if","locations":[{"start":{"line":28,"column":4},"end":{"line":28,"column":82}},{"start":{},"end":{}}],"line":28}},"s":{"0":1,"1":1,"2":1,"3":1,"4":3,"5":3,"6":3,"7":2,"8":1,"9":1,"10":1,"11":1,"12":1,"13":1,"14":1,"15":4,"16":4,"17":4,"18":3,"19":1,"20":2,"21":2,"22":1,"23":1,"24":1,"25":1,"26":1,"27":1},"f":{"0":3,"1":4},"b":{"0":[1,1],"1":[1,2],"2":[1,1]},"_coverageSchema":"1a1c01bbd47fc00a2c39e90264f33305004495a9","hash":"06a1bc75c14d66f6afe030def8f989c9dbd74664"}
,"C:\\Users\\juang\\VeciRed\\backend\\src\\controllers\\perfil.controller.js": {"path":"C:\\Users\\juang\\VeciRed\\backend\\src\\controllers\\perfil.controller.js","statementMap":{"0":{"start":{"line":1,"column":20},"end":{"line":1,"column":53}},"1":{"start":{"line":2,"column":26},"end":{"line":2,"column":65}},"2":{"start":{"line":3,"column":19},"end":{"line":3,"column":43}},"3":{"start":{"line":5,"column":0},"end":{"line":9,"column":3}},"4":{"start":{"line":11,"column":20},"end":{"line":22,"column":1}},"5":{"start":{"line":12,"column":2},"end":{"line":21,"column":3}},"6":{"start":{"line":13,"column":19},"end":{"line":13,"column":65}},"7":{"start":{"line":14,"column":4},"end":{"line":14,"column":80}},"8":{"start":{"line":14,"column":17},"end":{"line":14,"column":80}},"9":{"start":{"line":15,"column":23},"end":{"line":15,"column":72}},"10":{"start":{"line":16,"column":18},"end":{"line":16,"column":62}},"11":{"start":{"line":17,"column":18},"end":{"line":17,"column":62}},"12":{"start":{"line":18,"column":4},"end":{"line":18,"column":54}},"13":{"start":{"line":20,"column":4},"end":{"line":20,"column":47}},"14":{"start":{"line":24,"column":20},"end":{"line":36,"column":1}},"15":{"start":{"line":25,"column":2},"end":{"line":35,"column":3}},"16":{"start":{"line":26,"column":67},"end":{"line":26,"column":75}},"17":{"start":{"line":27,"column":22},"end":{"line":27,"column":68}},"18":{"start":{"line":28,"column":4},"end":{"line":28,"column":88}},"19":{"start":{"line":28,"column":19},"end":{"line":28,"column":88}},"20":{"start":{"line":29,"column":19},"end":{"line":29,"column":91}},"21":{"start":{"line":30,"column":4},"end":{"line":30,"column":90}},"22":{"start":{"line":30,"column":28},"end":{"line":30,"column":90}},"23":{"start":{"line":31,"column":4},"end":{"line":31,"column":75}},"24":{"start":{"line":31,"column":23},"end":{"line":31,"column":75}},"25":{"start":{"line":32,"column":4},"end":{"line":32,"column":33}},"26":{"start":{"line":34,"column":4},"end":{"line":34,"column":47}},"27":{"start":{"line":38,"column":25},"end":{"line":53,"column":1}},"28":{"start":{"line":39,"column":2},"end":{"line":52,"column":3}},"29":{"start":{"line":40,"column":67},"end":{"line":40,"column":75}},"30":{"start":{"line":41,"column":20},"end":{"line":41,"column":66}},"31":{"start":{"line":42,"column":4},"end":{"line":46,"column":5}},"32":{"start":{"line":43,"column":6},"end":{"line":43,"column":91}},"33":{"start":{"line":45,"column":6},"end":{"line":45,"column":89}},"34":{"start":{"line":47,"column":4},"end":{"line":47,"column":85}},"35":{"start":{"line":47,"column":20},"end":{"line":47,"column":85}},"36":{"start":{"line":48,"column":4},"end":{"line":48,"column":70}},"37":{"start":{"line":48,"column":15},"end":{"line":48,"column":70}},"38":{"start":{"line":49,"column":4},"end":{"line":49,"column":62}},"39":{"start":{"line":51,"column":4},"end":{"line":51,"column":47}},"40":{"start":{"line":55,"column":18},"end":{"line":68,"column":1}},"41":{"start":{"line":56,"column":2},"end":{"line":67,"column":3}},"42":{"start":{"line":57,"column":30},"end":{"line":57,"column":38}},"43":{"start":{"line":58,"column":22},"end":{"line":58,"column":68}},"44":{"start":{"line":59,"column":4},"end":{"line":59,"column":83}},"45":{"start":{"line":59,"column":20},"end":{"line":59,"column":83}},"46":{"start":{"line":60,"column":22},"end":{"line":62,"column":6}},"47":{"start":{"line":63,"column":17},"end":{"line":63,"column":89}},"48":{"start":{"line":64,"column":4},"end":{"line":64,"column":31}},"49":{"start":{"line":66,"column":4},"end":{"line":66,"column":47}},"50":{"start":{"line":70,"column":15},"end":{"line":81,"column":1}},"51":{"start":{"line":71,"column":2},"end":{"line":80,"column":3}},"52":{"start":{"line":72,"column":32},"end":{"line":72,"column":41}},"53":{"start":{"line":73,"column":23},"end":{"line":76,"column":5}},"54":{"start":{"line":77,"column":4},"end":{"line":77,"column":25}},"55":{"start":{"line":79,"column":4},"end":{"line":79,"column":47}},"56":{"start":{"line":83,"column":25},"end":{"line":91,"column":1}},"57":{"start":{"line":84,"column":2},"end":{"line":90,"column":3}},"58":{"start":{"line":85,"column":19},"end":{"line":85,"column":69}},"59":{"start":{"line":86,"column":4},"end":{"line":86,"column":80}},"60":{"start":{"line":86,"column":17},"end":{"line":86,"column":80}},"61":{"start":{"line":87,"column":4},"end":{"line":87,"column":21}},"62":{"start":{"line":89,"column":4},"end":{"line":89,"column":47}},"63":{"start":{"line":93,"column":18},"end":{"line":110,"column":1}},"64":{"start":{"line":94,"column":2},"end":{"line":109,"column":3}},"65":{"start":{"line":95,"column":39},"end":{"line":95,"column":47}},"66":{"start":{"line":96,"column":22},"end":{"line":96,"column":35}},"67":{"start":{"line":97,"column":22},"end":{"line":97,"column":36}},"68":{"start":{"line":98,"column":4},"end":{"line":100,"column":5}},"69":{"start":{"line":99,"column":6},"end":{"line":99,"column":80}},"70":{"start":{"line":101,"column":23},"end":{"line":101,"column":79}},"71":{"start":{"line":102,"column":4},"end":{"line":104,"column":5}},"72":{"start":{"line":103,"column":6},"end":{"line":103,"column":80}},"73":{"start":{"line":105,"column":16},"end":{"line":105,"column":91}},"74":{"start":{"line":106,"column":4},"end":{"line":106,"column":30}},"75":{"start":{"line":108,"column":4},"end":{"line":108,"column":47}},"76":{"start":{"line":112,"column":0},"end":{"line":115,"column":2}}},"fnMap":{"0":{"name":"(anonymous_0)","decl":{"start":{"line":11,"column":20},"end":{"line":11,"column":21}},"loc":{"start":{"line":11,"column":40},"end":{"line":22,"column":1}},"line":11},"1":{"name":"(anonymous_1)","decl":{"start":{"line":24,"column":20},"end":{"line":24,"column":21}},"loc":{"start":{"line":24,"column":40},"end":{"line":36,"column":1}},"line":24},"2":{"name":"(anonymous_2)","decl":{"start":{"line":38,"column":25},"end":{"line":38,"column":26}},"loc":{"start":{"line":38,"column":45},"end":{"line":53,"column":1}},"line":38},"3":{"name":"(anonymous_3)","decl":{"start":{"line":55,"column":18},"end":{"line":55,"column":19}},"loc":{"start":{"line":55,"column":38},"end":{"line":68,"column":1}},"line":55},"4":{"name":"(anonymous_4)","decl":{"start":{"line":70,"column":15},"end":{"line":70,"column":16}},"loc":{"start":{"line":70,"column":35},"end":{"line":81,"column":1}},"line":70},"5":{"name":"(anonymous_5)","decl":{"start":{"line":83,"column":25},"end":{"line":83,"column":26}},"loc":{"start":{"line":83,"column":45},"end":{"line":91,"column":1}},"line":83},"6":{"name":"(anonymous_6)","decl":{"start":{"line":93,"column":18},"end":{"line":93,"column":19}},"loc":{"start":{"line":93,"column":38},"end":{"line":110,"column":1}},"line":93}},"branchMap":{"0":{"loc":{"start":{"line":14,"column":4},"end":{"line":14,"column":80}},"type":"if","locations":[{"start":{"line":14,"column":4},"end":{"line":14,"column":80}},{"start":{},"end":{}}],"line":14},"1":{"loc":{"start":{"line":28,"column":4},"end":{"line":28,"column":88}},"type":"if","locations":[{"start":{"line":28,"column":4},"end":{"line":28,"column":88}},{"start":{},"end":{}}],"line":28},"2":{"loc":{"start":{"line":30,"column":4},"end":{"line":30,"column":90}},"type":"if","locations":[{"start":{"line":30,"column":4},"end":{"line":30,"column":90}},{"start":{},"end":{}}],"line":30},"3":{"loc":{"start":{"line":31,"column":4},"end":{"line":31,"column":75}},"type":"if","locations":[{"start":{"line":31,"column":4},"end":{"line":31,"column":75}},{"start":{},"end":{}}],"line":31},"4":{"loc":{"start":{"line":42,"column":4},"end":{"line":46,"column":5}},"type":"if","locations":[{"start":{"line":42,"column":4},"end":{"line":46,"column":5}},{"start":{"line":44,"column":11},"end":{"line":46,"column":5}}],"line":42},"5":{"loc":{"start":{"line":47,"column":4},"end":{"line":47,"column":85}},"type":"if","locations":[{"start":{"line":47,"column":4},"end":{"line":47,"column":85}},{"start":{},"end":{}}],"line":47},"6":{"loc":{"start":{"line":48,"column":4},"end":{"line":48,"column":70}},"type":"if","locations":[{"start":{"line":48,"column":4},"end":{"line":48,"column":70}},{"start":{},"end":{}}],"line":48},"7":{"loc":{"start":{"line":59,"column":4},"end":{"line":59,"column":83}},"type":"if","locations":[{"start":{"line":59,"column":4},"end":{"line":59,"column":83}},{"start":{},"end":{}}],"line":59},"8":{"loc":{"start":{"line":74,"column":6},"end":{"line":74,"column":41}},"type":"cond-expr","locations":[{"start":{"line":74,"column":18},"end":{"line":74,"column":34}},{"start":{"line":74,"column":37},"end":{"line":74,"column":41}}],"line":74},"9":{"loc":{"start":{"line":75,"column":6},"end":{"line":75,"column":18}},"type":"binary-expr","locations":[{"start":{"line":75,"column":6},"end":{"line":75,"column":10}},{"start":{"line":75,"column":14},"end":{"line":75,"column":18}}],"line":75},"10":{"loc":{"start":{"line":86,"column":4},"end":{"line":86,"column":80}},"type":"if","locations":[{"start":{"line":86,"column":4},"end":{"line":86,"column":80}},{"start":{},"end":{}}],"line":86},"11":{"loc":{"start":{"line":98,"column":4},"end":{"line":100,"column":5}},"type":"if","locations":[{"start":{"line":98,"column":4},"end":{"line":100,"column":5}},{"start":{},"end":{}}],"line":98},"12":{"loc":{"start":{"line":98,"column":8},"end":{"line":98,"column":40}},"type":"binary-expr","locations":[{"start":{"line":98,"column":8},"end":{"line":98,"column":22}},{"start":{"line":98,"column":26},"end":{"line":98,"column":40}}],"line":98},"13":{"loc":{"start":{"line":102,"column":4},"end":{"line":104,"column":5}},"type":"if","locations":[{"start":{"line":102,"column":4},"end":{"line":104,"column":5}},{"start":{},"end":{}}],"line":102}},"s":{"0":1,"1":1,"2":1,"3":1,"4":1,"5":3,"6":3,"7":2,"8":1,"9":1,"10":1,"11":1,"12":1,"13":1,"14":1,"15":3,"16":3,"17":3,"18":2,"19":1,"20":1,"21":1,"22":0,"23":1,"24":0,"25":1,"26":1,"27":1,"28":2,"29":2,"30":2,"31":2,"32":1,"33":1,"34":2,"35":2,"36":2,"37":2,"38":2,"39":0,"40":1,"41":0,"42":0,"43":0,"44":0,"45":0,"46":0,"47":0,"48":0,"49":0,"50":1,"51":2,"52":2,"53":2,"54":2,"55":0,"56":1,"57":2,"58":2,"59":2,"60":1,"61":1,"62":0,"63":1,"64":4,"65":4,"66":4,"67":4,"68":4,"69":2,"70":2,"71":2,"72":1,"73":1,"74":1,"75":0,"76":1},"f":{"0":3,"1":3,"2":2,"3":0,"4":2,"5":2,"6":4},"b":{"0":[1,1],"1":[1,1],"2":[0,1],"3":[0,1],"4":[1,1],"5":[2,0],"6":[2,0],"7":[0,0],"8":[1,1],"9":[2,1],"10":[1,1],"11":[2,2],"12":[4,3],"13":[1,1]},"_coverageSchema":"1a1c01bbd47fc00a2c39e90264f33305004495a9","hash":"b7808c62c2ea384d0c0f3429415af68c3c95ca64"}
,"C:\\Users\\juang\\VeciRed\\backend\\src\\middleware\\auth.middleware.js": {"path":"C:\\Users\\juang\\VeciRed\\backend\\src\\middleware\\auth.middleware.js","statementMap":{"0":{"start":{"line":1,"column":12},"end":{"line":1,"column":35}},"1":{"start":{"line":3,"column":23},"end":{"line":15,"column":1}},"2":{"start":{"line":4,"column":21},"end":{"line":4,"column":49}},"3":{"start":{"line":5,"column":16},"end":{"line":5,"column":54}},"4":{"start":{"line":6,"column":2},"end":{"line":6,"column":72}},"5":{"start":{"line":6,"column":14},"end":{"line":6,"column":72}},"6":{"start":{"line":8,"column":2},"end":{"line":14,"column":3}},"7":{"start":{"line":9,"column":20},"end":{"line":9,"column":61}},"8":{"start":{"line":10,"column":4},"end":{"line":10,"column":26}},"9":{"start":{"line":11,"column":4},"end":{"line":11,"column":11}},"10":{"start":{"line":13,"column":4},"end":{"line":13,"column":54}},"11":{"start":{"line":17,"column":16},"end":{"line":22,"column":1}},"12":{"start":{"line":17,"column":30},"end":{"line":22,"column":1}},"13":{"start":{"line":18,"column":2},"end":{"line":20,"column":3}},"14":{"start":{"line":19,"column":4},"end":{"line":19,"column":74}},"15":{"start":{"line":21,"column":2},"end":{"line":21,"column":9}},"16":{"start":{"line":24,"column":0},"end":{"line":24,"column":45}}},"fnMap":{"0":{"name":"(anonymous_0)","decl":{"start":{"line":3,"column":23},"end":{"line":3,"column":24}},"loc":{"start":{"line":3,"column":43},"end":{"line":15,"column":1}},"line":3},"1":{"name":"(anonymous_1)","decl":{"start":{"line":17,"column":16},"end":{"line":17,"column":17}},"loc":{"start":{"line":17,"column":30},"end":{"line":22,"column":1}},"line":17},"2":{"name":"(anonymous_2)","decl":{"start":{"line":17,"column":30},"end":{"line":17,"column":31}},"loc":{"start":{"line":17,"column":50},"end":{"line":22,"column":1}},"line":17}},"branchMap":{"0":{"loc":{"start":{"line":5,"column":16},"end":{"line":5,"column":54}},"type":"binary-expr","locations":[{"start":{"line":5,"column":16},"end":{"line":5,"column":26}},{"start":{"line":5,"column":30},"end":{"line":5,"column":54}}],"line":5},"1":{"loc":{"start":{"line":6,"column":2},"end":{"line":6,"column":72}},"type":"if","locations":[{"start":{"line":6,"column":2},"end":{"line":6,"column":72}},{"start":{},"end":{}}],"line":6},"2":{"loc":{"start":{"line":18,"column":2},"end":{"line":20,"column":3}},"type":"if","locations":[{"start":{"line":18,"column":2},"end":{"line":20,"column":3}},{"start":{},"end":{}}],"line":18}},"s":{"0":1,"1":1,"2":3,"3":3,"4":3,"5":1,"6":2,"7":2,"8":1,"9":1,"10":1,"11":1,"12":2,"13":2,"14":1,"15":1,"16":1},"f":{"0":3,"1":2,"2":2},"b":{"0":[3,2],"1":[1,2],"2":[1,1]},"_coverageSchema":"1a1c01bbd47fc00a2c39e90264f33305004495a9","hash":"5383f80b578d02b4c9956f4aa49c5a35d0a79b17"}
,"C:\\Users\\juang\\VeciRed\\backend\\src\\models\\calificacion.model.js": {"path":"C:\\Users\\juang\\VeciRed\\backend\\src\\models\\calificacion.model.js","statementMap":{"0":{"start":{"line":1,"column":13},"end":{"line":1,"column":29}},"1":{"start":{"line":3,"column":14},"end":{"line":10,"column":1}},"2":{"start":{"line":4,"column":17},"end":{"line":8,"column":3}},"3":{"start":{"line":9,"column":2},"end":{"line":9,"column":24}},"4":{"start":{"line":12,"column":19},"end":{"line":18,"column":1}},"5":{"start":{"line":13,"column":17},"end":{"line":16,"column":3}},"6":{"start":{"line":17,"column":2},"end":{"line":17,"column":32}},"7":{"start":{"line":20,"column":22},"end":{"line":27,"column":1}},"8":{"start":{"line":21,"column":17},"end":{"line":25,"column":3}},"9":{"start":{"line":26,"column":2},"end":{"line":26,"column":24}},"10":{"start":{"line":29,"column":15},"end":{"line":38,"column":1}},"11":{"start":{"line":30,"column":17},"end":{"line":36,"column":3}},"12":{"start":{"line":37,"column":2},"end":{"line":37,"column":21}},"13":{"start":{"line":40,"column":0},"end":{"line":40,"column":62}}},"fnMap":{"0":{"name":"(anonymous_0)","decl":{"start":{"line":3,"column":14},"end":{"line":3,"column":15}},"loc":{"start":{"line":3,"column":70},"end":{"line":10,"column":1}},"line":3},"1":{"name":"(anonymous_1)","decl":{"start":{"line":12,"column":19},"end":{"line":12,"column":20}},"loc":{"start":{"line":12,"column":51},"end":{"line":18,"column":1}},"line":12},"2":{"name":"(anonymous_2)","decl":{"start":{"line":20,"column":22},"end":{"line":20,"column":23}},"loc":{"start":{"line":20,"column":49},"end":{"line":27,"column":1}},"line":20},"3":{"name":"(anonymous_3)","decl":{"start":{"line":29,"column":15},"end":{"line":29,"column":16}},"loc":{"start":{"line":29,"column":27},"end":{"line":38,"column":1}},"line":29}},"branchMap":{"0":{"loc":{"start":{"line":7,"column":39},"end":{"line":7,"column":57}},"type":"binary-expr","locations":[{"start":{"line":7,"column":39},"end":{"line":7,"column":49}},{"start":{"line":7,"column":53},"end":{"line":7,"column":57}}],"line":7}},"s":{"0":3,"1":3,"2":0,"3":0,"4":3,"5":2,"6":2,"7":3,"8":0,"9":0,"10":3,"11":0,"12":0,"13":3},"f":{"0":0,"1":2,"2":0,"3":0},"b":{"0":[0,0]},"_coverageSchema":"1a1c01bbd47fc00a2c39e90264f33305004495a9","hash":"ea5db69bc4409279679b378e4164418fc2b2c06c"}
,"C:\\Users\\juang\\VeciRed\\backend\\src\\models\\categoria.model.js": {"path":"C:\\Users\\juang\\VeciRed\\backend\\src\\models\\categoria.model.js","statementMap":{"0":{"start":{"line":1,"column":13},"end":{"line":1,"column":29}},"1":{"start":{"line":3,"column":15},"end":{"line":6,"column":1}},"2":{"start":{"line":4,"column":17},"end":{"line":4,"column":76}},"3":{"start":{"line":5,"column":2},"end":{"line":5,"column":21}},"4":{"start":{"line":8,"column":14},"end":{"line":14,"column":1}},"5":{"start":{"line":9,"column":17},"end":{"line":12,"column":3}},"6":{"start":{"line":13,"column":2},"end":{"line":13,"column":24}},"7":{"start":{"line":16,"column":17},"end":{"line":18,"column":1}},"8":{"start":{"line":17,"column":2},"end":{"line":17,"column":82}},"9":{"start":{"line":20,"column":0},"end":{"line":20,"column":45}}},"fnMap":{"0":{"name":"(anonymous_0)","decl":{"start":{"line":3,"column":15},"end":{"line":3,"column":16}},"loc":{"start":{"line":3,"column":27},"end":{"line":6,"column":1}},"line":3},"1":{"name":"(anonymous_1)","decl":{"start":{"line":8,"column":14},"end":{"line":8,"column":15}},"loc":{"start":{"line":8,"column":32},"end":{"line":14,"column":1}},"line":8},"2":{"name":"(anonymous_2)","decl":{"start":{"line":16,"column":17},"end":{"line":16,"column":18}},"loc":{"start":{"line":16,"column":41},"end":{"line":18,"column":1}},"line":16}},"branchMap":{},"s":{"0":2,"1":2,"2":1,"3":1,"4":2,"5":1,"6":1,"7":2,"8":0,"9":2},"f":{"0":1,"1":1,"2":0},"b":{},"_coverageSchema":"1a1c01bbd47fc00a2c39e90264f33305004495a9","hash":"4995b4ec45fc2186268a41d4097cb90e53dbaa19"}
,"C:\\Users\\juang\\VeciRed\\backend\\src\\models\\perfil.model.js": {"path":"C:\\Users\\juang\\VeciRed\\backend\\src\\models\\perfil.model.js","statementMap":{"0":{"start":{"line":1,"column":13},"end":{"line":1,"column":29}},"1":{"start":{"line":4,"column":21},"end":{"line":16,"column":1}},"2":{"start":{"line":5,"column":17},"end":{"line":14,"column":3}},"3":{"start":{"line":15,"column":2},"end":{"line":15,"column":24}},"4":{"start":{"line":19,"column":14},"end":{"line":26,"column":1}},"5":{"start":{"line":20,"column":17},"end":{"line":24,"column":3}},"6":{"start":{"line":25,"column":2},"end":{"line":25,"column":24}},"7":{"start":{"line":29,"column":19},"end":{"line":36,"column":1}},"8":{"start":{"line":30,"column":17},"end":{"line":34,"column":3}},"9":{"start":{"line":35,"column":2},"end":{"line":35,"column":24}},"10":{"start":{"line":39,"column":22},"end":{"line":47,"column":1}},"11":{"start":{"line":40,"column":17},"end":{"line":45,"column":3}},"12":{"start":{"line":46,"column":2},"end":{"line":46,"column":21}},"13":{"start":{"line":50,"column":22},"end":{"line":58,"column":1}},"14":{"start":{"line":51,"column":2},"end":{"line":51,"column":85}},"15":{"start":{"line":52,"column":2},"end":{"line":57,"column":3}},"16":{"start":{"line":53,"column":4},"end":{"line":56,"column":6}},"17":{"start":{"line":61,"column":17},"end":{"line":67,"column":1}},"18":{"start":{"line":62,"column":17},"end":{"line":65,"column":3}},"19":{"start":{"line":66,"column":2},"end":{"line":66,"column":21}},"20":{"start":{"line":70,"column":17},"end":{"line":78,"column":1}},"21":{"start":{"line":71,"column":2},"end":{"line":71,"column":83}},"22":{"start":{"line":72,"column":2},"end":{"line":77,"column":3}},"23":{"start":{"line":73,"column":4},"end":{"line":76,"column":6}},"24":{"start":{"line":81,"column":20},"end":{"line":87,"column":1}},"25":{"start":{"line":82,"column":17},"end":{"line":85,"column":3}},"26":{"start":{"line":86,"column":2},"end":{"line":86,"column":24}},"27":{"start":{"line":90,"column":17},"end":{"line":96,"column":1}},"28":{"start":{"line":91,"column":17},"end":{"line":94,"column":3}},"29":{"start":{"line":95,"column":2},"end":{"line":95,"column":21}},"30":{"start":{"line":99,"column":15},"end":{"line":131,"column":1}},"31":{"start":{"line":100,"column":14},"end":{"line":108,"column":3}},"32":{"start":{"line":109,"column":17},"end":{"line":109,"column":19}},"33":{"start":{"line":111,"column":2},"end":{"line":118,"column":3}},"34":{"start":{"line":112,"column":4},"end":{"line":112,"column":27}},"35":{"start":{"line":113,"column":4},"end":{"line":117,"column":7}},"36":{"start":{"line":120,"column":2},"end":{"line":126,"column":3}},"37":{"start":{"line":121,"column":4},"end":{"line":121,"column":29}},"38":{"start":{"line":122,"column":4},"end":{"line":125,"column":7}},"39":{"start":{"line":128,"column":2},"end":{"line":128,"column":68}},"40":{"start":{"line":129,"column":17},"end":{"line":129,"column":48}},"41":{"start":{"line":130,"column":2},"end":{"line":130,"column":21}},"42":{"start":{"line":134,"column":26},"end":{"line":168,"column":1}},"43":{"start":{"line":135,"column":17},"end":{"line":145,"column":3}},"44":{"start":{"line":147,"column":2},"end":{"line":147,"column":35}},"45":{"start":{"line":147,"column":23},"end":{"line":147,"column":35}},"46":{"start":{"line":149,"column":16},"end":{"line":149,"column":41}},"47":{"start":{"line":150,"column":21},"end":{"line":150,"column":51}},"48":{"start":{"line":151,"column":16},"end":{"line":151,"column":41}},"49":{"start":{"line":153,"column":25},"end":{"line":159,"column":3}},"50":{"start":{"line":161,"column":2},"end":{"line":167,"column":4}},"51":{"start":{"line":170,"column":0},"end":{"line":176,"column":2}}},"fnMap":{"0":{"name":"(anonymous_0)","decl":{"start":{"line":4,"column":21},"end":{"line":4,"column":22}},"loc":{"start":{"line":4,"column":43},"end":{"line":16,"column":1}},"line":4},"1":{"name":"(anonymous_1)","decl":{"start":{"line":19,"column":14},"end":{"line":19,"column":15}},"loc":{"start":{"line":19,"column":69},"end":{"line":26,"column":1}},"line":19},"2":{"name":"(anonymous_2)","decl":{"start":{"line":29,"column":19},"end":{"line":29,"column":20}},"loc":{"start":{"line":29,"column":73},"end":{"line":36,"column":1}},"line":29},"3":{"name":"(anonymous_3)","decl":{"start":{"line":39,"column":22},"end":{"line":39,"column":23}},"loc":{"start":{"line":39,"column":43},"end":{"line":47,"column":1}},"line":39},"4":{"name":"(anonymous_4)","decl":{"start":{"line":50,"column":22},"end":{"line":50,"column":23}},"loc":{"start":{"line":50,"column":55},"end":{"line":58,"column":1}},"line":50},"5":{"name":"(anonymous_5)","decl":{"start":{"line":61,"column":17},"end":{"line":61,"column":18}},"loc":{"start":{"line":61,"column":38},"end":{"line":67,"column":1}},"line":61},"6":{"name":"(anonymous_6)","decl":{"start":{"line":70,"column":17},"end":{"line":70,"column":18}},"loc":{"start":{"line":70,"column":45},"end":{"line":78,"column":1}},"line":70},"7":{"name":"(anonymous_7)","decl":{"start":{"line":81,"column":20},"end":{"line":81,"column":21}},"loc":{"start":{"line":81,"column":57},"end":{"line":87,"column":1}},"line":81},"8":{"name":"(anonymous_8)","decl":{"start":{"line":90,"column":17},"end":{"line":90,"column":18}},"loc":{"start":{"line":90,"column":38},"end":{"line":96,"column":1}},"line":90},"9":{"name":"(anonymous_9)","decl":{"start":{"line":99,"column":15},"end":{"line":99,"column":16}},"loc":{"start":{"line":99,"column":42},"end":{"line":131,"column":1}},"line":99},"10":{"name":"(anonymous_10)","decl":{"start":{"line":134,"column":26},"end":{"line":134,"column":27}},"loc":{"start":{"line":134,"column":47},"end":{"line":168,"column":1}},"line":134}},"branchMap":{"0":{"loc":{"start":{"line":111,"column":2},"end":{"line":118,"column":3}},"type":"if","locations":[{"start":{"line":111,"column":2},"end":{"line":118,"column":3}},{"start":{},"end":{}}],"line":111},"1":{"loc":{"start":{"line":120,"column":2},"end":{"line":126,"column":3}},"type":"if","locations":[{"start":{"line":120,"column":2},"end":{"line":126,"column":3}},{"start":{},"end":{}}],"line":120},"2":{"loc":{"start":{"line":147,"column":2},"end":{"line":147,"column":35}},"type":"if","locations":[{"start":{"line":147,"column":2},"end":{"line":147,"column":35}},{"start":{},"end":{}}],"line":147}},"s":{"0":1,"1":1,"2":0,"3":0,"4":1,"5":0,"6":0,"7":1,"8":0,"9":0,"10":1,"11":0,"12":0,"13":1,"14":0,"15":0,"16":0,"17":1,"18":0,"19":0,"20":1,"21":0,"22":0,"23":0,"24":1,"25":0,"26":0,"27":1,"28":0,"29":0,"30":1,"31":0,"32":0,"33":0,"34":0,"35":0,"36":0,"37":0,"38":0,"39":0,"40":0,"41":0,"42":1,"43":0,"44":0,"45":0,"46":0,"47":0,"48":0,"49":0,"50":0,"51":1},"f":{"0":0,"1":0,"2":0,"3":0,"4":0,"5":0,"6":0,"7":0,"8":0,"9":0,"10":0},"b":{"0":[0,0],"1":[0,0],"2":[0,0]},"_coverageSchema":"1a1c01bbd47fc00a2c39e90264f33305004495a9","hash":"099aa4a9aee9a8e33717eafe4b8bd8390e0d7ce5"}
,"C:\\Users\\juang\\VeciRed\\backend\\src\\models\\usuario.model.js": {"path":"C:\\Users\\juang\\VeciRed\\backend\\src\\models\\usuario.model.js","statementMap":{"0":{"start":{"line":1,"column":13},"end":{"line":1,"column":29}},"1":{"start":{"line":3,"column":21},"end":{"line":9,"column":1}},"2":{"start":{"line":4,"column":17},"end":{"line":7,"column":3}},"3":{"start":{"line":8,"column":2},"end":{"line":8,"column":24}},"4":{"start":{"line":11,"column":14},"end":{"line":18,"column":1}},"5":{"start":{"line":12,"column":17},"end":{"line":16,"column":3}},"6":{"start":{"line":17,"column":2},"end":{"line":17,"column":24}},"7":{"start":{"line":20,"column":25},"end":{"line":27,"column":1}},"8":{"start":{"line":21,"column":17},"end":{"line":25,"column":3}},"9":{"start":{"line":26,"column":2},"end":{"line":26,"column":24}},"10":{"start":{"line":29,"column":15},"end":{"line":34,"column":1}},"11":{"start":{"line":30,"column":17},"end":{"line":32,"column":3}},"12":{"start":{"line":33,"column":2},"end":{"line":33,"column":21}},"13":{"start":{"line":36,"column":0},"end":{"line":36,"column":67}}},"fnMap":{"0":{"name":"(anonymous_0)","decl":{"start":{"line":3,"column":21},"end":{"line":3,"column":22}},"loc":{"start":{"line":3,"column":39},"end":{"line":9,"column":1}},"line":3},"1":{"name":"(anonymous_1)","decl":{"start":{"line":11,"column":14},"end":{"line":11,"column":15}},"loc":{"start":{"line":11,"column":51},"end":{"line":18,"column":1}},"line":11},"2":{"name":"(anonymous_2)","decl":{"start":{"line":20,"column":25},"end":{"line":20,"column":26}},"loc":{"start":{"line":20,"column":47},"end":{"line":27,"column":1}},"line":20},"3":{"name":"(anonymous_3)","decl":{"start":{"line":29,"column":15},"end":{"line":29,"column":16}},"loc":{"start":{"line":29,"column":27},"end":{"line":34,"column":1}},"line":29}},"branchMap":{},"s":{"0":3,"1":3,"2":9,"3":7,"4":3,"5":2,"6":2,"7":3,"8":1,"9":1,"10":3,"11":1,"12":1,"13":3},"f":{"0":9,"1":2,"2":1,"3":1},"b":{},"_coverageSchema":"1a1c01bbd47fc00a2c39e90264f33305004495a9","hash":"cf1cae2a8f7983f7365088b56c91c46e12ed89af"}
,"C:\\Users\\juang\\VeciRed\\backend\\src\\routes\\admin.routes.js": {"path":"C:\\Users\\juang\\VeciRed\\backend\\src\\routes\\admin.routes.js","statementMap":{"0":{"start":{"line":1,"column":16},"end":{"line":1,"column":34}},"1":{"start":{"line":2,"column":15},"end":{"line":2,"column":31}},"2":{"start":{"line":3,"column":24},"end":{"line":3,"column":66}},"3":{"start":{"line":4,"column":23},"end":{"line":4,"column":59}},"4":{"start":{"line":5,"column":36},"end":{"line":5,"column":76}},"5":{"start":{"line":8,"column":0},"end":{"line":15,"column":3}},"6":{"start":{"line":9,"column":2},"end":{"line":14,"column":3}},"7":{"start":{"line":10,"column":17},"end":{"line":10,"column":46}},"8":{"start":{"line":11,"column":4},"end":{"line":11,"column":19}},"9":{"start":{"line":13,"column":4},"end":{"line":13,"column":47}},"10":{"start":{"line":18,"column":0},"end":{"line":18,"column":53}},"11":{"start":{"line":20,"column":0},"end":{"line":20,"column":53}},"12":{"start":{"line":21,"column":0},"end":{"line":21,"column":74}},"13":{"start":{"line":22,"column":0},"end":{"line":22,"column":65}},"14":{"start":{"line":23,"column":0},"end":{"line":23,"column":81}},"15":{"start":{"line":24,"column":0},"end":{"line":24,"column":57}},"16":{"start":{"line":25,"column":0},"end":{"line":25,"column":59}},"17":{"start":{"line":26,"column":0},"end":{"line":26,"column":68}},"18":{"start":{"line":28,"column":0},"end":{"line":28,"column":24}}},"fnMap":{"0":{"name":"(anonymous_0)","decl":{"start":{"line":8,"column":34},"end":{"line":8,"column":35}},"loc":{"start":{"line":8,"column":54},"end":{"line":15,"column":1}},"line":8}},"branchMap":{},"s":{"0":0,"1":0,"2":0,"3":0,"4":0,"5":0,"6":0,"7":0,"8":0,"9":0,"10":0,"11":0,"12":0,"13":0,"14":0,"15":0,"16":0,"17":0,"18":0},"f":{"0":0},"b":{}}
,"C:\\Users\\juang\\VeciRed\\backend\\src\\routes\\auth.routes.js": {"path":"C:\\Users\\juang\\VeciRed\\backend\\src\\routes\\auth.routes.js","statementMap":{"0":{"start":{"line":1,"column":16},"end":{"line":1,"column":34}},"1":{"start":{"line":2,"column":15},"end":{"line":2,"column":31}},"2":{"start":{"line":3,"column":23},"end":{"line":3,"column":64}},"3":{"start":{"line":5,"column":0},"end":{"line":5,"column":50}},"4":{"start":{"line":6,"column":0},"end":{"line":6,"column":44}},"5":{"start":{"line":8,"column":0},"end":{"line":8,"column":24}}},"fnMap":{},"branchMap":{},"s":{"0":0,"1":0,"2":0,"3":0,"4":0,"5":0},"f":{},"b":{}}
,"C:\\Users\\juang\\VeciRed\\backend\\src\\routes\\perfil.routes.js": {"path":"C:\\Users\\juang\\VeciRed\\backend\\src\\routes\\perfil.routes.js","statementMap":{"0":{"start":{"line":1,"column":16},"end":{"line":1,"column":34}},"1":{"start":{"line":2,"column":15},"end":{"line":2,"column":31}},"2":{"start":{"line":3,"column":25},"end":{"line":3,"column":68}},"3":{"start":{"line":4,"column":36},"end":{"line":4,"column":76}},"4":{"start":{"line":6,"column":0},"end":{"line":6,"column":47}},"5":{"start":{"line":7,"column":0},"end":{"line":7,"column":87}},"6":{"start":{"line":8,"column":0},"end":{"line":8,"column":85}},"7":{"start":{"line":9,"column":0},"end":{"line":9,"column":89}},"8":{"start":{"line":10,"column":0},"end":{"line":10,"column":87}},"9":{"start":{"line":11,"column":0},"end":{"line":11,"column":54}},"10":{"start":{"line":12,"column":0},"end":{"line":12,"column":93}},"11":{"start":{"line":14,"column":0},"end":{"line":14,"column":24}}},"fnMap":{},"branchMap":{},"s":{"0":0,"1":0,"2":0,"3":0,"4":0,"5":0,"6":0,"7":0,"8":0,"9":0,"10":0,"11":0},"f":{},"b":{}}
}
