TN:
SF:src\db.js
FNF:0
FNH:0
DA:1,3
DA:3,3
DA:11,3
LF:3
LH:3
BRDA:4,0,0,3
BRDA:4,0,1,3
BRDA:5,1,0,3
BRDA:5,1,1,3
BRDA:6,2,0,3
BRDA:6,2,1,3
BRDA:7,3,0,3
BRDA:7,3,1,3
BRDA:8,4,0,3
BRDA:8,4,1,3
BRF:10
BRH:10
end_of_record
TN:
SF:src\swagger.js
FNF:0
FNH:0
DA:1,0
DA:3,0
DA:33,0
LF:3
LH:0
BRF:0
BRH:0
end_of_record
TN:
SF:src\controllers\admin.controller.js
FN:5,(anonymous_0)
FN:14,(anonymous_1)
FN:23,(anonymous_2)
FN:32,(anonymous_3)
FN:41,(anonymous_4)
FN:50,(anonymous_5)
FN:59,(anonymous_6)
FNF:7
FNH:7
FNDA:2,(anonymous_0)
FNDA:1,(anonymous_1)
FNDA:1,(anonymous_2)
FNDA:1,(anonymous_3)
FNDA:1,(anonymous_4)
FNDA:1,(anonymous_5)
FNDA:1,(anonymous_6)
DA:1,1
DA:2,1
DA:3,1
DA:5,1
DA:6,2
DA:7,2
DA:8,1
DA:10,1
DA:14,1
DA:15,1
DA:16,1
DA:17,1
DA:19,0
DA:23,1
DA:24,1
DA:25,1
DA:26,1
DA:28,0
DA:32,1
DA:33,1
DA:34,1
DA:35,1
DA:37,0
DA:41,1
DA:42,1
DA:43,1
DA:44,1
DA:46,0
DA:50,1
DA:51,1
DA:52,1
DA:53,1
DA:55,0
DA:59,1
DA:60,1
DA:61,1
DA:62,1
DA:64,0
DA:68,1
LF:39
LH:33
BRF:0
BRH:0
end_of_record
TN:
SF:src\controllers\auth.controller.js
FN:19,(anonymous_0)
FN:47,(anonymous_1)
FNF:2
FNH:2
FNDA:5,(anonymous_0)
FNDA:6,(anonymous_1)
DA:1,2
DA:2,2
DA:3,2
DA:19,2
DA:20,5
DA:21,5
DA:22,5
DA:23,4
DA:24,2
DA:26,2
DA:27,2
DA:28,2
DA:30,1
DA:31,1
DA:47,2
DA:48,6
DA:49,6
DA:50,6
DA:51,5
DA:53,3
DA:54,3
DA:56,2
DA:61,2
DA:66,1
DA:67,1
DA:71,2
LF:26
LH:26
BRDA:23,0,0,2
BRDA:23,0,1,2
BRDA:51,1,0,2
BRDA:51,1,1,3
BRDA:54,2,0,1
BRDA:54,2,1,2
BRF:6
BRH:6
end_of_record
TN:
SF:src\controllers\perfil.controller.js
FN:11,(anonymous_0)
FN:24,(anonymous_1)
FN:38,(anonymous_2)
FN:55,(anonymous_3)
FN:70,(anonymous_4)
FN:83,(anonymous_5)
FN:93,(anonymous_6)
FNF:7
FNH:6
FNDA:3,(anonymous_0)
FNDA:3,(anonymous_1)
FNDA:2,(anonymous_2)
FNDA:0,(anonymous_3)
FNDA:3,(anonymous_4)
FNDA:2,(anonymous_5)
FNDA:4,(anonymous_6)
DA:1,2
DA:2,2
DA:3,2
DA:5,2
DA:11,2
DA:12,3
DA:13,3
DA:14,2
DA:15,1
DA:16,1
DA:17,1
DA:18,1
DA:20,1
DA:24,2
DA:25,3
DA:26,3
DA:27,3
DA:28,2
DA:29,1
DA:30,1
DA:31,1
DA:32,1
DA:34,1
DA:38,2
DA:39,2
DA:40,2
DA:41,2
DA:42,2
DA:43,1
DA:45,1
DA:47,2
DA:48,2
DA:49,2
DA:51,0
DA:55,2
DA:56,0
DA:57,0
DA:58,0
DA:59,0
DA:60,0
DA:63,0
DA:64,0
DA:66,0
DA:70,2
DA:71,3
DA:72,3
DA:73,3
DA:77,3
DA:79,0
DA:83,2
DA:84,2
DA:85,2
DA:86,2
DA:87,1
DA:89,0
DA:93,2
DA:94,4
DA:95,4
DA:96,4
DA:97,4
DA:98,4
DA:99,2
DA:101,2
DA:102,2
DA:103,1
DA:105,1
DA:106,1
DA:108,0
DA:112,2
LF:69
LH:57
BRDA:14,0,0,1
BRDA:14,0,1,1
BRDA:28,1,0,1
BRDA:28,1,1,1
BRDA:30,2,0,0
BRDA:30,2,1,1
BRDA:31,3,0,0
BRDA:31,3,1,1
BRDA:42,4,0,1
BRDA:42,4,1,1
BRDA:47,5,0,2
BRDA:47,5,1,0
BRDA:48,6,0,2
BRDA:48,6,1,0
BRDA:59,7,0,0
BRDA:59,7,1,0
BRDA:74,8,0,2
BRDA:74,8,1,1
BRDA:75,9,0,3
BRDA:75,9,1,2
BRDA:86,10,0,1
BRDA:86,10,1,1
BRDA:98,11,0,2
BRDA:98,11,1,2
BRDA:98,12,0,4
BRDA:98,12,1,3
BRDA:102,13,0,1
BRDA:102,13,1,1
BRF:28
BRH:22
end_of_record
TN:
SF:src\middleware\auth.middleware.js
FN:11,(anonymous_0)
FN:31,(anonymous_1)
FN:31,(anonymous_2)
FNF:3
FNH:3
FNDA:3,(anonymous_0)
FNDA:7,(anonymous_1)
FNDA:2,(anonymous_2)
DA:1,2
DA:11,2
DA:12,3
DA:13,3
DA:14,3
DA:16,2
DA:17,2
DA:18,1
DA:19,1
DA:21,1
DA:31,7
DA:32,2
DA:33,1
DA:35,1
DA:38,2
LF:15
LH:15
BRDA:13,0,0,3
BRDA:13,0,1,2
BRDA:14,1,0,1
BRDA:14,1,1,2
BRDA:32,2,0,1
BRDA:32,2,1,1
BRF:6
BRH:6
end_of_record
TN:
SF:src\models\calificacion.model.js
FN:3,(anonymous_0)
FN:12,(anonymous_1)
FN:20,(anonymous_2)
FN:29,(anonymous_3)
FNF:4
FNH:1
FNDA:0,(anonymous_0)
FNDA:2,(anonymous_1)
FNDA:0,(anonymous_2)
FNDA:0,(anonymous_3)
DA:1,4
DA:3,4
DA:4,0
DA:9,0
DA:12,4
DA:13,2
DA:17,2
DA:20,4
DA:21,0
DA:26,0
DA:29,4
DA:30,0
DA:37,0
DA:40,4
LF:14
LH:8
BRDA:7,0,0,0
BRDA:7,0,1,0
BRF:2
BRH:0
end_of_record
TN:
SF:src\models\categoria.model.js
FN:3,(anonymous_0)
FN:8,(anonymous_1)
FN:16,(anonymous_2)
FNF:3
FNH:2
FNDA:1,(anonymous_0)
FNDA:1,(anonymous_1)
FNDA:0,(anonymous_2)
DA:1,2
DA:3,2
DA:4,1
DA:5,1
DA:8,2
DA:9,1
DA:13,1
DA:16,2
DA:17,0
DA:20,2
LF:10
LH:9
BRF:0
BRH:0
end_of_record
TN:
SF:src\models\perfil.model.js
FN:4,(anonymous_0)
FN:19,(anonymous_1)
FN:29,(anonymous_2)
FN:39,(anonymous_3)
FN:50,(anonymous_4)
FN:61,(anonymous_5)
FN:70,(anonymous_6)
FN:81,(anonymous_7)
FN:90,(anonymous_8)
FN:99,(anonymous_9)
FN:134,(anonymous_10)
FNF:11
FNH:1
FNDA:0,(anonymous_0)
FNDA:0,(anonymous_1)
FNDA:0,(anonymous_2)
FNDA:0,(anonymous_3)
FNDA:0,(anonymous_4)
FNDA:0,(anonymous_5)
FNDA:0,(anonymous_6)
FNDA:0,(anonymous_7)
FNDA:0,(anonymous_8)
FNDA:1,(anonymous_9)
FNDA:0,(anonymous_10)
DA:1,2
DA:4,2
DA:5,0
DA:15,0
DA:19,2
DA:20,0
DA:25,0
DA:29,2
DA:30,0
DA:35,0
DA:39,2
DA:40,0
DA:46,0
DA:50,2
DA:51,0
DA:52,0
DA:53,0
DA:61,2
DA:62,0
DA:66,0
DA:70,2
DA:71,0
DA:72,0
DA:73,0
DA:81,2
DA:82,0
DA:86,0
DA:90,2
DA:91,0
DA:95,0
DA:99,2
DA:100,1
DA:109,1
DA:111,1
DA:112,1
DA:113,1
DA:120,1
DA:121,0
DA:122,0
DA:128,1
DA:129,1
DA:130,1
DA:134,2
DA:135,0
DA:147,0
DA:149,0
DA:150,0
DA:151,0
DA:153,0
DA:161,0
DA:170,2
LF:51
LH:22
BRDA:111,0,0,1
BRDA:111,0,1,0
BRDA:120,1,0,0
BRDA:120,1,1,1
BRDA:147,2,0,0
BRDA:147,2,1,0
BRF:6
BRH:2
end_of_record
TN:
SF:src\models\usuario.model.js
FN:3,(anonymous_0)
FN:11,(anonymous_1)
FN:20,(anonymous_2)
FN:29,(anonymous_3)
FNF:4
FNH:4
FNDA:13,(anonymous_0)
FNDA:3,(anonymous_1)
FNDA:1,(anonymous_2)
FNDA:1,(anonymous_3)
DA:1,4
DA:3,4
DA:4,13
DA:8,11
DA:11,4
DA:12,3
DA:17,3
DA:20,4
DA:21,1
DA:26,1
DA:29,4
DA:30,1
DA:33,1
DA:36,4
LF:14
LH:14
BRF:0
BRH:0
end_of_record
TN:
SF:src\routes\admin.routes.js
FN:8,(anonymous_0)
FNF:1
FNH:0
FNDA:0,(anonymous_0)
DA:1,0
DA:2,0
DA:3,0
DA:4,0
DA:5,0
DA:8,0
DA:9,0
DA:10,0
DA:11,0
DA:13,0
DA:18,0
DA:20,0
DA:21,0
DA:22,0
DA:23,0
DA:24,0
DA:25,0
DA:26,0
DA:28,0
LF:19
LH:0
BRF:0
BRH:0
end_of_record
TN:
SF:src\routes\auth.routes.js
FNF:0
FNH:0
DA:1,1
DA:2,1
DA:3,1
DA:40,1
DA:70,1
DA:72,1
LF:6
LH:6
BRF:0
BRH:0
end_of_record
TN:
SF:src\routes\perfil.routes.js
FNF:0
FNH:0
DA:1,1
DA:2,1
DA:3,1
DA:4,1
DA:6,1
DA:7,1
DA:8,1
DA:9,1
DA:10,1
DA:11,1
DA:12,1
DA:14,1
LF:12
LH:12
BRF:0
BRH:0
end_of_record
